<?xml version="1.0" encoding="UTF-8"?>
<!-- Generated by org.testng.reporters.JUnitReportReporter -->
<testsuite hostname="DESKTOP-SP108C6" failures="0" tests="1" name="testNG.Excel" time="1.238" errors="0" timestamp="2023-12-28T11:12:50 IST" skipped="0">
  <testcase classname="testNG.Excel" name="Exceldata" time="1.238"/>
</testsuite> <!-- testNG.Excel -->
