<?xml version="1.0" encoding="UTF-8"?>
<!-- Generated by org.testng.reporters.JUnitReportReporter -->
<testsuite hostname="DESKTOP-SP108C6" failures="0" tests="1" name="testNG.TestNG_sample" time="0.016" errors="0" timestamp="2023-12-21T17:04:39 IST" skipped="0">
  <testcase classname="testNG.TestNG_sample" name="test" time="0.016"/>
</testsuite> <!-- testNG.TestNG_sample -->
