<?xml version="1.0" encoding="UTF-8"?>
<!-- Generated by org.testng.reporters.JUnitReportReporter -->
<testsuite hostname="DESKTOP-SP108C6" failures="0" tests="1" name="testNG.Practice" time="10.073" errors="0" timestamp="2024-01-03T11:25:22 IST" skipped="0">
  <testcase classname="testNG.Practice" name="Testgoogle" time="10.073"/>
</testsuite> <!-- testNG.Practice -->
